!SESSION 2018-08-30 14:33:58.648 -----------------------------------------------
eclipse.buildId=3.9.5.201807031753-RELEASE-e48
java.version=10.0.1
java.vendor=Oracle Corporation
BootLoader constants: OS=macosx, ARCH=x86_64, WS=cocoa, NL=en_US
Framework arguments:  -product org.springsource.sts.ide -keyring /Users/pouyakarimi/.eclipse_keyring
Command-line arguments:  -os macosx -ws cocoa -arch x86_64 -product org.springsource.sts.ide -keyring /Users/pouyakarimi/.eclipse_keyring

!ENTRY org.eclipse.core.net 1 0 2018-08-30 14:34:01.463
!MESSAGE System property http.nonProxyHosts has been set to local|*.local|169.254/16|*.169.254/16 by an external source. This value will be overwritten using the values from the preferences

!ENTRY org.eclipse.ui 2 0 2018-08-30 14:37:45.529
!MESSAGE Warnings while parsing the images from the 'org.eclipse.ui.commandImages' extension point.
!SUBENTRY 1 org.eclipse.ui 2 0 2018-08-30 14:37:45.529
!MESSAGE Cannot bind to an undefined command: plug-in='com.genuitec.eclipse.theming.ui', id='com.genuitec.myeclipse.help.darktheme.commandid'

!ENTRY com.genuitec.eclipse.theming.ui 1 0 2018-08-30 14:37:47.523
!MESSAGE A DevStyle Theme is being activated on this workspace; preparing colors and configuration

!ENTRY com.genuitec.eclipse.theming.ui 1 0 2018-08-30 14:37:47.546
!MESSAGE DevStyle has archived current color configurations to alternate preferences - will be restored when switching out of the DevStyle Theme

!ENTRY com.genuitec.eclipse.theming.ui 4 0 2018-08-30 14:37:47.554
!MESSAGE The file resources/css/dark.css Could not be found in bundle org.eclipse.lsp4e

!ENTRY com.genuitec.eclipse.theming.ui 4 0 2018-08-30 14:37:47.704
!MESSAGE The file resources/css/dark.css Could not be found in bundle org.eclipse.lsp4e

!ENTRY org.eclipse.jface 2 0 2018-08-30 14:37:47.861
!MESSAGE Keybinding conflicts occurred.  They may interfere with normal accelerator operation.
!SUBENTRY 1 org.eclipse.jface 2 0 2018-08-30 14:37:47.861
!MESSAGE A conflict occurred for COMMAND+SHIFT+T:
Binding(COMMAND+SHIFT+T,
	ParameterizedCommand(Command(org.eclipse.jdt.ui.navigate.open.type,Open Type,
		Open a type in a Java editor,
		Category(org.eclipse.ui.category.navigate,Navigate,null,true),
		org.eclipse.ui.internal.WorkbenchHandlerServiceHandler@3bc2146c,
		,,true),null),
	org.eclipse.ui.defaultAcceleratorConfiguration,
	org.eclipse.ui.contexts.window,,,system)
Binding(COMMAND+SHIFT+T,
	ParameterizedCommand(Command(org.eclipse.lsp4e.symbolinworkspace,Go to Symbol in Workspace,
		,
		Category(org.eclipse.lsp4e.category,Language Servers,null,true),
		org.eclipse.ui.internal.WorkbenchHandlerServiceHandler@717c00f9,
		,,true),null),
	org.eclipse.ui.defaultAcceleratorConfiguration,
	org.eclipse.ui.contexts.window,,,system)

!ENTRY org.eclipse.ui 2 2 2018-08-30 14:37:49.300
!MESSAGE org.eclipse.jdt.junit.ResultView: Deprecated relationship "fast" should be converted to "stack".

!ENTRY org.eclipse.ui 2 2 2018-08-30 14:37:49.300
!MESSAGE org.springframework.ide.eclipse.aop.ui.navigator.aopReferenceModelNavigator: Deprecated relationship "fast" should be converted to "stack".

!ENTRY org.eclipse.ui 2 2 2018-08-30 14:37:49.301
!MESSAGE org.eclipse.contribution.xref.ui.views.XReferenceView: Deprecated relationship "fast" should be converted to "stack".

!ENTRY org.eclipse.jface.text 2 0 2018-08-30 14:37:50.428
!MESSAGE Duplicate template id: 'org.eclipse.wst.xslt.templates.xpath.boolean'

!ENTRY org.eclipse.ui.ide 4 0 2018-08-30 14:39:32.689
!MESSAGE Could not import project located at /Users/pouyakarimi/workspace/validationService
!STACK 0
org.eclipse.ui.internal.wizards.datatransfer.CouldNotImportProjectException: Could not import project located at /Users/pouyakarimi/workspace/validationService
	at org.eclipse.ui.internal.wizards.datatransfer.SmartImportJob.toExistingOrNewProject(SmartImportJob.java:568)
	at org.eclipse.ui.internal.wizards.datatransfer.SmartImportJob.run(SmartImportJob.java:252)
	at org.eclipse.core.internal.jobs.Worker.run(Worker.java:60)
Caused by: org.eclipse.core.internal.resources.ResourceException: Invalid project description.
	at org.eclipse.core.internal.resources.Project.checkDescription(Project.java:170)
	at org.eclipse.core.internal.resources.Project.assertCreateRequirements(Project.java:54)
	at org.eclipse.core.internal.resources.Project.create(Project.java:264)
	at org.eclipse.core.internal.resources.Project.create(Project.java:248)
	at org.eclipse.ui.internal.wizards.datatransfer.SmartImportJob.createOrImportProject(SmartImportJob.java:607)
	at org.eclipse.ui.internal.wizards.datatransfer.SmartImportJob.toExistingOrNewProject(SmartImportJob.java:555)
	... 2 more
!SESSION 2018-08-30 14:39:53.226 -----------------------------------------------
eclipse.buildId=3.9.5.201807031753-RELEASE-e48
java.version=10.0.1
java.vendor=Oracle Corporation
BootLoader constants: OS=macosx, ARCH=x86_64, WS=cocoa, NL=en_US
Framework arguments:  -product org.springsource.sts.ide -keyring /Users/pouyakarimi/.eclipse_keyring
Command-line arguments:  -os macosx -ws cocoa -arch x86_64 -product org.springsource.sts.ide -keyring /Users/pouyakarimi/.eclipse_keyring

!ENTRY org.eclipse.core.net 1 0 2018-08-30 14:39:57.289
!MESSAGE System property http.nonProxyHosts has been set to local|*.local|169.254/16|*.169.254/16 by an external source. This value will be overwritten using the values from the preferences

!ENTRY com.genuitec.eclipse.theming.ui 4 0 2018-08-30 14:42:07.290
!MESSAGE The file resources/css/dark.css Could not be found in bundle org.eclipse.lsp4e

!ENTRY org.eclipse.jface 2 0 2018-08-30 14:42:08.022
!MESSAGE Keybinding conflicts occurred.  They may interfere with normal accelerator operation.
!SUBENTRY 1 org.eclipse.jface 2 0 2018-08-30 14:42:08.022
!MESSAGE A conflict occurred for COMMAND+SHIFT+T:
Binding(COMMAND+SHIFT+T,
	ParameterizedCommand(Command(org.eclipse.jdt.ui.navigate.open.type,Open Type,
		Open a type in a Java editor,
		Category(org.eclipse.ui.category.navigate,Navigate,null,true),
		org.eclipse.ui.internal.WorkbenchHandlerServiceHandler@7e4fc391,
		,,true),null),
	org.eclipse.ui.defaultAcceleratorConfiguration,
	org.eclipse.ui.contexts.window,,,system)
Binding(COMMAND+SHIFT+T,
	ParameterizedCommand(Command(org.eclipse.lsp4e.symbolinworkspace,Go to Symbol in Workspace,
		,
		Category(org.eclipse.lsp4e.category,Language Servers,null,true),
		org.eclipse.ui.internal.WorkbenchHandlerServiceHandler@11869005,
		,,true),null),
	org.eclipse.ui.defaultAcceleratorConfiguration,
	org.eclipse.ui.contexts.window,,,system)
